22-Jul-20 22:01:17 - root - INFO - Message ID: 6E23891B, Received request: {"cmd":"get_vm_state","user_id":6,"vm_id":156}
22-Jul-20 22:01:17 - root - ERROR - Message ID: 6E23891B, Sended reply: {'error': 'list index out of range'}
22-Jul-20 22:03:28 - root - INFO - Message ID: CA05B186, Received request: {"cmd":"get_vm_state","user_id":6,"vm_id":156}
22-Jul-20 22:03:28 - root - ERROR - Message ID: CA05B186, Sended reply: {'error': 'list index out of range'}
22-Jul-20 22:03:31 - root - INFO - Message ID: 4953AFC8, Received request: {"cmd":"get_vm_state","user_id":6,"vm_id":156}
22-Jul-20 22:03:31 - root - ERROR - Message ID: 4953AFC8, Sended reply: {'error': 'list index out of range'}
22-Jul-20 22:03:32 - root - INFO - Message ID: 1CDBE43A, Received request: {"cmd":"get_vm_state","user_id":6,"vm_id":156}
22-Jul-20 22:03:32 - root - ERROR - Message ID: 1CDBE43A, Sended reply: {'error': 'list index out of range'}
22-Jul-20 22:03:33 - root - INFO - Message ID: DA01C7E8, Received request: {"cmd":"get_vm_state","user_id":6,"vm_id":156}
22-Jul-20 22:03:33 - root - ERROR - Message ID: DA01C7E8, Sended reply: {'error': 'list index out of range'}
22-Jul-20 22:03:34 - root - INFO - Message ID: B5DC436A, Received request: {"cmd":"get_vm_state","user_id":6,"vm_id":156}
22-Jul-20 22:03:34 - root - ERROR - Message ID: B5DC436A, Sended reply: {'error': 'list index out of range'}
22-Jul-20 22:03:35 - root - INFO - Message ID: 6C3B1F94, Received request: {"cmd":"get_vm_state","user_id":6,"vm_id":156}
22-Jul-20 22:03:35 - root - ERROR - Message ID: 6C3B1F94, Sended reply: {'error': 'list index out of range'}
22-Jul-20 22:03:37 - root - INFO - Message ID: B16095FE, Received request: {"cmd":"get_vm_state","user_id":6,"vm_id":156}
22-Jul-20 22:03:37 - root - ERROR - Message ID: B16095FE, Sended reply: {'error': 'list index out of range'}
22-Jul-20 22:03:50 - root - INFO - Message ID: DEFA9C05, Received request: {"cmd":"get_vm_state","user_id":6,"vm_id":155}
22-Jul-20 22:03:50 - root - INFO - Message ID: DEFA9C05, Sended reply: {'vm_state': 'ACTIVE', 'vm_id': 155}
22-Jul-20 22:35:37 - root - INFO - Message ID: 32CB5F96, Received request: {"cmd":"get_vm_state","user_id":6,"vm_id":155}
22-Jul-20 22:35:37 - root - INFO - Message ID: 32CB5F96, Sended reply: {'vm_state': 'ACTIVE', 'vm_id': 155}
22-Jul-20 22:58:04 - root - INFO - Message ID: 1E407D5F, Received request: {"cmd":"get_vm_state","user_id":6,"vm_id":155}
22-Jul-20 22:58:04 - root - INFO - Message ID: 1E407D5F, Sended reply: {'vm_state': 'ACTIVE', 'vm_id': 155}
22-Jul-20 23:07:01 - root - INFO - Message ID: 2F38056A, Received request: { cmd":"get_vm_state","user_id":6,"vm_id":155,"user_password":"e5UNbd"}
22-Jul-20 23:07:01 - root - INFO - Message ID: 2F38056A, Sended reply: {'vm_state': 'ACTIVE', 'vm_id': 155}
22-Jul-20 23:08:11 - root - INFO - Message ID: E6FBD0A3, Received request: {!!!!!!!!!!!!!!!!!!!!!!!!cmd":"get_vm_state","user_id":6,"vm_id":155,"user_password":"04UKPM"}
22-Jul-20 23:08:11 - root - INFO - Message ID: E6FBD0A3, Sended reply: {'vm_state': 'ACTIVE', 'vm_id': 155}
22-Jul-20 23:28:54 - root - INFO - Message ID: 673ED29B, Received request: {"cmd":"get_vm_state","user_id":6,"vm_id":155}
22-Jul-20 23:28:54 - root - INFO - Message ID: 673ED29B, Sended reply: {'vm_state': 'ACTIVE', 'vm_id': 155}
22-Jul-20 23:34:19 - root - INFO - Message ID: 041E5F92, Received request: {"cmd":"get_vm_state","user_id":6,"vm_id":155,"user_password":"2fY17r"}
22-Jul-20 23:34:19 - root - INFO - Message ID: 041E5F92, Sended reply: {'vm_state': 'ACTIVE', 'vm_id': 155}
22-Jul-20 23:34:34 - root - INFO - Message ID: 21B9ED54, Received request: {"cmd":"get_vm_state","user_id":6,"vm_id":155,"user_password":"gJyFIR"}
22-Jul-20 23:34:34 - root - INFO - Message ID: 21B9ED54, Sended reply: {'vm_state': 'ACTIVE', 'vm_id': 155}
22-Jul-20 23:34:35 - root - INFO - Message ID: 6104EF8A, Received request: {"cmd":"get_vm_state","user_id":6,"vm_id":155,"user_password":"u2so8a"}
22-Jul-20 23:34:35 - root - INFO - Message ID: 6104EF8A, Sended reply: {'vm_state': 'ACTIVE', 'vm_id': 155}
22-Jul-20 23:36:56 - root - INFO - Message ID: 6D5E01F4, Received request: {"cmd":"get_vm_state","user_id":6,"vm_id":155,"user_password":"nOyFiy"}
22-Jul-20 23:36:56 - root - INFO - Message ID: 6D5E01F4, Sended reply: {'vm_state': 'ACTIVE', 'vm_id': 155}
22-Jul-20 23:37:15 - root - INFO - Message ID: A549C7F8, Received request: {"cmd":"get_vm_state","user_id":6,"vm_id":155,"user_password":"czjISK"}
22-Jul-20 23:37:15 - root - INFO - Message ID: A549C7F8, Sended reply: {'vm_state': 'ACTIVE', 'vm_id': 155}
22-Jul-20 23:38:10 - root - INFO - Message ID: 89430BD5, Received request: {u'vm_id': 155, u'user_password': ' ', u'cmd': u'get_vm_state', u'user_id': 6}
22-Jul-20 23:38:20 - root - INFO - Message ID: BD692FEC, Received request: {u'vm_id': 155, u'user_password': ' ', u'cmd': u'get_vm_state', u'user_id': 6}
23-Jul-20 00:19:28 - root - INFO - Message ID: 174FD8AE, Received request: {"cmd":"get_vm_state","user_id":6,"vm_id":155,"user_password":"D9SHpA"}
23-Jul-20 00:19:53 - root - INFO - Message ID: F76E1295, Received request: {"cmd":"get_vm_state","user_id":6,"vm_id":155,"user_password":"SACnxD"}
23-Jul-20 00:19:53 - root - INFO - Message ID: F76E1295, Sended reply: {'vm_state': 'ACTIVE', 'vm_id': 155}
23-Jul-20 00:22:02 - root - INFO - Message ID: 4782F19C, Received request: {"cmd":"get_all_vm_state","user_id":6,"vm_id":155,"user_password":"ZMoI1a"}
23-Jul-20 00:22:02 - root - INFO - Message ID: 4782F19C, Sended reply: {u'vms_state': [{u'vm_name': u'v1p252.clouds365.host', u'vm_state': u'ACTIVE', u'vm_id': 155}]}
23-Jul-20 00:23:07 - root - INFO - Message ID: 0E92C4BA, Received request: {"cmd":"get_all_vm_state","user_id":0,"vm_id":155,"user_password":"8KxmdX"}
23-Jul-20 00:23:07 - root - ERROR - Message ID: 0E92C4BA, Sended reply: {'error': 'error user name or user id'}
